Using pre-set license
Built from '6000.0/release' branch; Version is '6000.0.44f1 (101c91f3a8fb) revision 1055889'; Using compiler version '193933523'; Build Type 'Release'
OS: 'Windows 10  (10.0.19045) 64bit Professional' Language: 'es' Physical Memory: 7981 MB
BatchMode: 1, IsHumanControllingUs: 0, StartBugReporterOnCrash: 0, Is64bit: 1, IsPro: 1

COMMAND LINE ARGUMENTS:
C:\Program Files\Unity\Hub\Editor\6000.0.44f1\Editor\Unity.exe
-adb2
-batchMode
-noUpm
-name
AssetImportWorker2
-projectPath
C:/Users/HOME/Documents/GitHub/Obejetos/Obejetos/Proyecto_OrientaciónObjetos
-logFile
Logs/AssetImportWorker2.log
-srvPort
50448
-job-worker-count
1
-background-job-worker-count
8
-gc-helper-count
1
Successfully changed project path to: C:/Users/HOME/Documents/GitHub/Obejetos/Obejetos/Proyecto_OrientaciónObjetos
C:/Users/HOME/Documents/GitHub/Obejetos/Obejetos/Proyecto_OrientaciónObjetos
[UnityMemory] Configuration Parameters - Can be set up in boot.config
    "memorysetup-bucket-allocator-granularity=16"
    "memorysetup-bucket-allocator-bucket-count=8"
    "memorysetup-bucket-allocator-block-size=33554432"
    "memorysetup-bucket-allocator-block-count=8"
    "memorysetup-main-allocator-block-size=16777216"
    "memorysetup-thread-allocator-block-size=16777216"
    "memorysetup-gfx-main-allocator-block-size=16777216"
    "memorysetup-gfx-thread-allocator-block-size=16777216"
    "memorysetup-cache-allocator-block-size=4194304"
    "memorysetup-typetree-allocator-block-size=2097152"
    "memorysetup-profiler-bucket-allocator-granularity=16"
    "memorysetup-profiler-bucket-allocator-bucket-count=8"
    "memorysetup-profiler-bucket-allocator-block-size=33554432"
    "memorysetup-profiler-bucket-allocator-block-count=8"
    "memorysetup-profiler-allocator-block-size=16777216"
    "memorysetup-profiler-editor-allocator-block-size=1048576"
    "memorysetup-temp-allocator-size-main=16777216"
    "memorysetup-job-temp-allocator-block-size=2097152"
    "memorysetup-job-temp-allocator-block-size-background=1048576"
    "memorysetup-job-temp-allocator-reduction-small-platforms=262144"
    "memorysetup-allocator-temp-initial-block-size-main=262144"
    "memorysetup-allocator-temp-initial-block-size-worker=262144"
    "memorysetup-temp-allocator-size-background-worker=32768"
    "memorysetup-temp-allocator-size-job-worker=262144"
    "memorysetup-temp-allocator-size-preload-manager=33554432"
    "memorysetup-temp-allocator-size-nav-mesh-worker=65536"
    "memorysetup-temp-allocator-size-audio-worker=65536"
    "memorysetup-temp-allocator-size-cloud-worker=32768"
    "memorysetup-temp-allocator-size-gi-baking-worker=262144"
    "memorysetup-temp-allocator-size-gi-baking-worker=262144"
    "memorysetup-temp-allocator-size-gi-baking-worker=262144"
    "memorysetup-temp-allocator-size-gi-baking-worker=262144"
    "memorysetup-temp-allocator-size-gi-baking-worker=262144"
    "memorysetup-temp-allocator-size-gfx=262144"
Player connection [6224]  Target information:

Player connection [6224]  * "[IP] 192.168.1.3 [Port] 0 [Flags] 2 [Guid] 728400799 [EditorId] 728400799 [Version] 1048832 [Id] WindowsEditor(7,DESKTOP-05N7K6B) [Debug] 1 [PackageName] WindowsEditor [ProjectName] Editor" 

Player connection [6224] Host joined multi-casting on [225.0.0.222:54997]...
Player connection [6224] Host joined alternative multi-casting on [225.0.0.222:34997]...
JobSystem: Creating JobQueue using job-worker-count value 1
Input System module state changed to: Initialized.
[Physics::Module] Initialized fallback backend.
[Physics::Module] Id: 0xdecafbad
Library Redirect Path: Library/
[Physics::Module] Selected backend.
[Physics::Module] Name: PhysX
[Physics::Module] Id: 0xf2b8ea05
[Physics::Module] SDK Version: 4.1.2
[Physics::Module] Integration Version: 1.0.0
[Physics::Module] Threading Mode: Multi-Threaded
Refreshing native plugins compatible for Editor in 12.00 ms, found 3 plugins.
Preloading 0 native plugins for Editor in 0.00 ms.
Initialize engine version: 6000.0.44f1 (101c91f3a8fb)
[Subsystems] Discovering subsystems at path C:/Program Files/Unity/Hub/Editor/6000.0.44f1/Editor/Data/Resources/UnitySubsystems
[Subsystems] Discovering subsystems at path C:/Users/HOME/Documents/GitHub/Obejetos/Obejetos/Proyecto_OrientaciónObjetos/Assets
GfxDevice: creating device client; kGfxThreadingModeNonThreaded
Direct3D:
    Version:  Direct3D 11.0 [level 11.1]
    Renderer: Intel(R) UHD Graphics (ID=0x8a56)
    Vendor:   Intel
    VRAM:     3990 MB
    Driver:   27.20.100.9079
Initialize mono
Mono path[0] = 'C:/Program Files/Unity/Hub/Editor/6000.0.44f1/Editor/Data/Managed'
Mono path[1] = 'C:/Program Files/Unity/Hub/Editor/6000.0.44f1/Editor/Data/MonoBleedingEdge/lib/mono/unityjit-win32'
Mono config path = 'C:/Program Files/Unity/Hub/Editor/6000.0.44f1/Editor/Data/MonoBleedingEdge/etc'
Using monoOptions --debugger-agent=transport=dt_socket,embedding=1,server=y,suspend=n,address=127.0.0.1:56172
Begin MonoManager ReloadAssembly
Registering precompiled unity dll's ...
Register platform support module: C:/Program Files/Unity/Hub/Editor/6000.0.44f1/Editor/Data/PlaybackEngines/WindowsStandaloneSupport/UnityEditor.WindowsStandalone.Extensions.dll
Registered in 0.004527 seconds.
- Loaded All Assemblies, in  0.709 seconds
Native extension for WindowsStandalone target not found
Mono: successfully reloaded assembly
- Finished resetting the current domain, in  0.426 seconds
Domain Reload Profiling: 1132ms
	BeginReloadAssembly (225ms)
		ExecutionOrderSort (0ms)
		DisableScriptedObjects (0ms)
		BackupInstance (0ms)
		ReleaseScriptingObjects (0ms)
		CreateAndSetChildDomain (1ms)
	RebuildCommonClasses (100ms)
	RebuildNativeTypeToScriptingClass (16ms)
	initialDomainReloadingComplete (70ms)
	LoadAllAssembliesAndSetupDomain (294ms)
		LoadAssemblies (217ms)
		RebuildTransferFunctionScriptingTraits (0ms)
		AnalyzeDomain (290ms)
			TypeCache.Refresh (288ms)
				TypeCache.ScanAssembly (268ms)
			BuildScriptInfoCaches (0ms)
			ResolveRequiredComponents (1ms)
	FinalizeReload (427ms)
		ReleaseScriptCaches (0ms)
		RebuildScriptCaches (0ms)
		SetupLoadedEditorAssemblies (375ms)
			LogAssemblyErrors (0ms)
			InitializePlatformSupportModulesInManaged (25ms)
			SetLoadedEditorAssemblies (5ms)
			BeforeProcessingInitializeOnLoad (63ms)
			ProcessInitializeOnLoadAttributes (210ms)
			ProcessInitializeOnLoadMethodAttributes (71ms)
			AfterProcessingInitializeOnLoad (0ms)
			EditorAssembliesLoaded (0ms)
		ExecutionOrderSort2 (0ms)
		AwakeInstancesAfterBackupRestoration (0ms)
========================================================================
Worker process is ready to serve import requests
Import Worker Mode flag is 0x00
Begin MonoManager ReloadAssembly
- Loaded All Assemblies, in  2.117 seconds
Refreshing native plugins compatible for Editor in 1.16 ms, found 3 plugins.
Native extension for WindowsStandalone target not found
Mono: successfully reloaded assembly
- Finished resetting the current domain, in  0.841 seconds
Domain Reload Profiling: 2955ms
	BeginReloadAssembly (205ms)
		ExecutionOrderSort (0ms)
		DisableScriptedObjects (9ms)
		BackupInstance (0ms)
		ReleaseScriptingObjects (0ms)
		CreateAndSetChildDomain (31ms)
	RebuildCommonClasses (46ms)
	RebuildNativeTypeToScriptingClass (15ms)
	initialDomainReloadingComplete (46ms)
	LoadAllAssembliesAndSetupDomain (1799ms)
		LoadAssemblies (1677ms)
		RebuildTransferFunctionScriptingTraits (0ms)
		AnalyzeDomain (245ms)
			TypeCache.Refresh (200ms)
				TypeCache.ScanAssembly (183ms)
			BuildScriptInfoCaches (36ms)
			ResolveRequiredComponents (6ms)
	FinalizeReload (843ms)
		ReleaseScriptCaches (0ms)
		RebuildScriptCaches (0ms)
		SetupLoadedEditorAssemblies (706ms)
			LogAssemblyErrors (0ms)
			InitializePlatformSupportModulesInManaged (3ms)
			SetLoadedEditorAssemblies (5ms)
			BeforeProcessingInitializeOnLoad (109ms)
			ProcessInitializeOnLoadAttributes (552ms)
			ProcessInitializeOnLoadMethodAttributes (31ms)
			AfterProcessingInitializeOnLoad (7ms)
			EditorAssembliesLoaded (0ms)
		ExecutionOrderSort2 (0ms)
		AwakeInstancesAfterBackupRestoration (6ms)
Launched and connected shader compiler UnityShaderCompiler.exe after 0.02 seconds
Refreshing native plugins compatible for Editor in 2.25 ms, found 3 plugins.
Preloading 0 native plugins for Editor in 0.00 ms.
Unloading 9 Unused Serialized files (Serialized files now loaded: 0)
Unloading 3733 unused Assets / (1.2 MB). Loaded Objects now: 4246.
Memory consumption went from 96.9 MB to 95.7 MB.
Total: 34.585500 ms (FindLiveObjects: 0.624500 ms CreateObjectMapping: 0.652400 ms MarkObjects: 30.636800 ms  DeleteObjects: 2.669700 ms)

========================================================================
Received Import Request.
  Time since last request: 2269.589342 seconds.
  path: Assets/Scenes/Scrips/Character/Base
  artifactKey: Guid(7800c30b48f61d2498fba2de925e9cde) Importer(815301076,1909f56bfc062723c751e8b465ee728b)
Start importing Assets/Scenes/Scrips/Character/Base using Guid(7800c30b48f61d2498fba2de925e9cde) Importer(815301076,1909f56bfc062723c751e8b465ee728b) (PreviewImporter) -> (artifact id: 'b5d88664c1ca883ac60ffb9f43ff2ef0') in 0.0091745 seconds
Number of updated asset objects reloaded before import = 0Number of asset objects unloaded after import = 0

========================================================================
Received Import Request.
  Time since last request: 7.760333 seconds.
  path: Assets/Scenes/Scrips/Character/Base/New Folder
  artifactKey: Guid(8012469de5173dd419ec0131aaa7f063) Importer(815301076,1909f56bfc062723c751e8b465ee728b)
Start importing Assets/Scenes/Scrips/Character/Base/New Folder using Guid(8012469de5173dd419ec0131aaa7f063) Importer(815301076,1909f56bfc062723c751e8b465ee728b) (PreviewImporter) -> (artifact id: 'ead196e6699caa63e16da5b946f47071') in 0.0012124 seconds
Number of updated asset objects reloaded before import = 0Number of asset objects unloaded after import = 0

========================================================================
Received Prepare
Refreshing native plugins compatible for Editor in 12.17 ms, found 3 plugins.
Preloading 0 native plugins for Editor in 0.00 ms.
Unloading 0 Unused Serialized files (Serialized files now loaded: 0)
Unloading 3725 unused Assets / (131.0 KB). Loaded Objects now: 4249.
Memory consumption went from 94.7 MB to 94.6 MB.
Total: 24.069700 ms (FindLiveObjects: 0.679100 ms CreateObjectMapping: 0.809400 ms MarkObjects: 19.250800 ms  DeleteObjects: 3.328500 ms)

Prepare: number of updated asset objects reloaded= 0
========================================================================
Received Prepare
Refreshing native plugins compatible for Editor in 6.74 ms, found 3 plugins.
Preloading 0 native plugins for Editor in 0.00 ms.
Unloading 0 Unused Serialized files (Serialized files now loaded: 0)
Unloading 3725 unused Assets / (0.9 MB). Loaded Objects now: 4249.
Memory consumption went from 94.7 MB to 93.8 MB.
Total: 16.655200 ms (FindLiveObjects: 0.755400 ms CreateObjectMapping: 0.864600 ms MarkObjects: 11.222500 ms  DeleteObjects: 3.811200 ms)

Prepare: number of updated asset objects reloaded= 0
========================================================================
Received Import Request.
  Time since last request: 83.013336 seconds.
  path: Assets/Scenes/Scrips/Character/Base/Portador.cs
  artifactKey: Guid(ee04ac3535233584f9cb94e490f70f74) Importer(815301076,1909f56bfc062723c751e8b465ee728b)
Start importing Assets/Scenes/Scrips/Character/Base/Portador.cs using Guid(ee04ac3535233584f9cb94e490f70f74) Importer(815301076,1909f56bfc062723c751e8b465ee728b) (PreviewImporter) -> (artifact id: '8934fa865ac11c20047ad6183f84d058') in 0.0122779 seconds
Number of updated asset objects reloaded before import = 0Number of asset objects unloaded after import = 0

========================================================================
Received Prepare
Refreshing native plugins compatible for Editor in 2.98 ms, found 3 plugins.
Preloading 0 native plugins for Editor in 0.00 ms.
Unloading 0 Unused Serialized files (Serialized files now loaded: 0)
Unloading 3725 unused Assets / (131.0 KB). Loaded Objects now: 4249.
Memory consumption went from 94.7 MB to 94.6 MB.
Total: 35.670900 ms (FindLiveObjects: 1.588400 ms CreateObjectMapping: 0.713100 ms MarkObjects: 31.492900 ms  DeleteObjects: 1.874000 ms)

Prepare: number of updated asset objects reloaded= 0
========================================================================
Received Prepare
Refreshing native plugins compatible for Editor in 19.71 ms, found 3 plugins.
Preloading 0 native plugins for Editor in 0.00 ms.
Unloading 0 Unused Serialized files (Serialized files now loaded: 0)
Unloading 3726 unused Assets / (1.9 MB). Loaded Objects now: 4250.
Memory consumption went from 94.7 MB to 92.9 MB.
Total: 124.874000 ms (FindLiveObjects: 2.289100 ms CreateObjectMapping: 1.203100 ms MarkObjects: 35.682700 ms  DeleteObjects: 85.696600 ms)

Prepare: number of updated asset objects reloaded= 0
========================================================================
Received Import Request.
  Time since last request: 92.101174 seconds.
  path: Assets/Scenes/Scrips/Character/Respawn.cs
  artifactKey: Guid(b174906c2d2099a45995e44ea20491da) Importer(815301076,1909f56bfc062723c751e8b465ee728b)
Start importing Assets/Scenes/Scrips/Character/Respawn.cs using Guid(b174906c2d2099a45995e44ea20491da) Importer(815301076,1909f56bfc062723c751e8b465ee728b) (PreviewImporter) -> (artifact id: '0f6c7036f9e1762e5ce7a95347ca49eb') in 0.0430795 seconds
Number of updated asset objects reloaded before import = 0Number of asset objects unloaded after import = 0

========================================================================
Received Import Request.
  Time since last request: 12.529861 seconds.
  path: Assets/Scenes/Scrips/Character/Ability Systemn.cs
  artifactKey: Guid(bc3d68b975c3e784db6f449c4103768f) Importer(815301076,1909f56bfc062723c751e8b465ee728b)
Start importing Assets/Scenes/Scrips/Character/Ability Systemn.cs using Guid(bc3d68b975c3e784db6f449c4103768f) Importer(815301076,1909f56bfc062723c751e8b465ee728b) (PreviewImporter) -> (artifact id: 'ab149c493629f1df3bb3c9a765011238') in 0.0008095 seconds
Number of updated asset objects reloaded before import = 0Number of asset objects unloaded after import = 0

========================================================================
Received Import Request.
  Time since last request: 5.097900 seconds.
  path: Assets/Scenes/Sprite
  artifactKey: Guid(924e94d5ab7984c4fb7dbd2ae15d354f) Importer(815301076,1909f56bfc062723c751e8b465ee728b)
Start importing Assets/Scenes/Sprite using Guid(924e94d5ab7984c4fb7dbd2ae15d354f) Importer(815301076,1909f56bfc062723c751e8b465ee728b) (PreviewImporter) -> (artifact id: '2da0429f3798e12a785e78d6869d67f2') in 0.000718 seconds
Number of updated asset objects reloaded before import = 0Number of asset objects unloaded after import = 0

========================================================================
Received Import Request.
  Time since last request: 0.100104 seconds.
  path: Assets/Scenes/Sprite/bg,f8f8f8-flat,750x,075,f-pad,750x1000,f8f8f8.jpg
  artifactKey: Guid(db9a4a944c859b1479455184b410ced3) Importer(815301076,1909f56bfc062723c751e8b465ee728b)
Start importing Assets/Scenes/Sprite/bg,f8f8f8-flat,750x,075,f-pad,750x1000,f8f8f8.jpg using Guid(db9a4a944c859b1479455184b410ced3) Importer(815301076,1909f56bfc062723c751e8b465ee728b) (PreviewImporter) -> (artifact id: 'e80b381ac64c6b6e6c043090d5ff6689') in 2.0047184 seconds
Number of updated asset objects reloaded before import = 0Number of asset objects unloaded after import = 3

========================================================================
Received Import Request.
  Time since last request: 0.000043 seconds.
  path: Assets/Scenes/Sprite/png-transparent-cartoon-bomb-bomb-landmine-arms (1).png
  artifactKey: Guid(b7279a5e727ca8d41ab2175c89589251) Importer(815301076,1909f56bfc062723c751e8b465ee728b)
Start importing Assets/Scenes/Sprite/png-transparent-cartoon-bomb-bomb-landmine-arms (1).png using Guid(b7279a5e727ca8d41ab2175c89589251) Importer(815301076,1909f56bfc062723c751e8b465ee728b) (PreviewImporter) -> (artifact id: '9ea17a17089dcdc141890d6f9e63211f') in 0.152933 seconds
Number of updated asset objects reloaded before import = 0Number of asset objects unloaded after import = 3

========================================================================
Received Prepare
Refreshing native plugins compatible for Editor in 7.28 ms, found 3 plugins.
Preloading 0 native plugins for Editor in 0.00 ms.
Unloading 0 Unused Serialized files (Serialized files now loaded: 0)
Unloading 3726 unused Assets / (0.5 MB). Loaded Objects now: 4259.
Memory consumption went from 99.1 MB to 98.6 MB.
Total: 28.781200 ms (FindLiveObjects: 0.786400 ms CreateObjectMapping: 1.544500 ms MarkObjects: 11.613900 ms  DeleteObjects: 14.834900 ms)

Prepare: number of updated asset objects reloaded= 0
========================================================================
Received Import Request.
  Time since last request: 8.733329 seconds.
  path: Assets/Scenes/Scrips/Habilidades
  artifactKey: Guid(ba040c135d871f543a2b2382abcc72e4) Importer(815301076,1909f56bfc062723c751e8b465ee728b)
Start importing Assets/Scenes/Scrips/Habilidades using Guid(ba040c135d871f543a2b2382abcc72e4) Importer(815301076,1909f56bfc062723c751e8b465ee728b) (PreviewImporter) -> (artifact id: '6dec61fd55b7de147bd088e1fa5e53e8') in 0.0021961 seconds
Number of updated asset objects reloaded before import = 0Number of asset objects unloaded after import = 0

========================================================================
Received Import Request.
  Time since last request: 4.761952 seconds.
  path: Assets/Scenes/Scrips
  artifactKey: Guid(04f900cb1664bed41b0c27ace91823dc) Importer(815301076,1909f56bfc062723c751e8b465ee728b)
Start importing Assets/Scenes/Scrips using Guid(04f900cb1664bed41b0c27ace91823dc) Importer(815301076,1909f56bfc062723c751e8b465ee728b) (PreviewImporter) -> (artifact id: '4269558358623cedc335ba1f1d71851b') in 0.0011291 seconds
Number of updated asset objects reloaded before import = 0Number of asset objects unloaded after import = 0

========================================================================
Received Prepare
Refreshing native plugins compatible for Editor in 8.26 ms, found 3 plugins.
Preloading 0 native plugins for Editor in 0.00 ms.
Unloading 0 Unused Serialized files (Serialized files now loaded: 0)
Unloading 3726 unused Assets / (131.0 KB). Loaded Objects now: 4259.
Memory consumption went from 99.1 MB to 99.0 MB.
Total: 22.422700 ms (FindLiveObjects: 0.929100 ms CreateObjectMapping: 1.320300 ms MarkObjects: 15.943300 ms  DeleteObjects: 4.228000 ms)

Prepare: number of updated asset objects reloaded= 0
========================================================================
Received Import Request.
  Time since last request: 10.487225 seconds.
  path: Assets/Scenes/Scrips/Bases/Base
  artifactKey: Guid(14f8afd6dba6c3a41bbfd0b709fc5d4a) Importer(815301076,1909f56bfc062723c751e8b465ee728b)
Start importing Assets/Scenes/Scrips/Bases/Base using Guid(14f8afd6dba6c3a41bbfd0b709fc5d4a) Importer(815301076,1909f56bfc062723c751e8b465ee728b) (PreviewImporter) -> (artifact id: '489cdc5cfe0d3a225b65351edcf5b2ef') in 0.0020369 seconds
Number of updated asset objects reloaded before import = 0Number of asset objects unloaded after import = 0

========================================================================
Received Prepare
Refreshing native plugins compatible for Editor in 3.44 ms, found 3 plugins.
Preloading 0 native plugins for Editor in 0.00 ms.
Unloading 0 Unused Serialized files (Serialized files now loaded: 0)
Unloading 3726 unused Assets / (255.8 KB). Loaded Objects now: 4259.
Memory consumption went from 99.1 MB to 98.9 MB.
Total: 57.441100 ms (FindLiveObjects: 0.729200 ms CreateObjectMapping: 0.872400 ms MarkObjects: 24.558300 ms  DeleteObjects: 31.278900 ms)

Prepare: number of updated asset objects reloaded= 0
========================================================================
Received Import Request.
  Time since last request: 9.485700 seconds.
  path: Assets/Scenes/Scrips/MouseLook.cs
  artifactKey: Guid(431e242fa0b3aad46a35b1b0bd6baccc) Importer(815301076,1909f56bfc062723c751e8b465ee728b)
Start importing Assets/Scenes/Scrips/MouseLook.cs using Guid(431e242fa0b3aad46a35b1b0bd6baccc) Importer(815301076,1909f56bfc062723c751e8b465ee728b) (PreviewImporter) -> (artifact id: '1051dedd47a2dbf211dda94d81347b11') in 0.0045076 seconds
Number of updated asset objects reloaded before import = 0Number of asset objects unloaded after import = 0

========================================================================
Received Import Request.
  Time since last request: 0.857054 seconds.
  path: Assets/Scenes/Scrips/ParticleSystem.cs
  artifactKey: Guid(8ea761f660d88b949aff8d846762ad8a) Importer(815301076,1909f56bfc062723c751e8b465ee728b)
Start importing Assets/Scenes/Scrips/ParticleSystem.cs using Guid(8ea761f660d88b949aff8d846762ad8a) Importer(815301076,1909f56bfc062723c751e8b465ee728b) (PreviewImporter) -> (artifact id: 'f7f5766e2e062f4706927be4bea4e143') in 0.0011388 seconds
Number of updated asset objects reloaded before import = 0Number of asset objects unloaded after import = 0

========================================================================
Received Import Request.
  Time since last request: 0.443349 seconds.
  path: Assets/Scenes/Scrips/PlayerMovement.cs
  artifactKey: Guid(4cca43ce168606448bef134f42a0db96) Importer(815301076,1909f56bfc062723c751e8b465ee728b)
Start importing Assets/Scenes/Scrips/PlayerMovement.cs using Guid(4cca43ce168606448bef134f42a0db96) Importer(815301076,1909f56bfc062723c751e8b465ee728b) (PreviewImporter) -> (artifact id: '02bb6a2d30ed953c216cc219f4c1ce33') in 0.0024762 seconds
Number of updated asset objects reloaded before import = 0Number of asset objects unloaded after import = 0

========================================================================
Received Import Request.
  Time since last request: 3.257878 seconds.
  path: Assets/Scenes/Scrips/Habilidades/Base
  artifactKey: Guid(d3cf533c6fb90704ea04d962dcaddf6e) Importer(815301076,1909f56bfc062723c751e8b465ee728b)
Start importing Assets/Scenes/Scrips/Habilidades/Base using Guid(d3cf533c6fb90704ea04d962dcaddf6e) Importer(815301076,1909f56bfc062723c751e8b465ee728b) (PreviewImporter) -> (artifact id: '22184007507c80f3bd7dcdb9c22af41f') in 0.0010464 seconds
Number of updated asset objects reloaded before import = 0Number of asset objects unloaded after import = 0

========================================================================
Received Import Request.
  Time since last request: 2.101694 seconds.
  path: Assets/Scenes/Scrips/Habilidades/Base/NewMonoBehaviourScript.cs
  artifactKey: Guid(d4baafe4aa8f9a043a99297732b93535) Importer(815301076,1909f56bfc062723c751e8b465ee728b)
Start importing Assets/Scenes/Scrips/Habilidades/Base/NewMonoBehaviourScript.cs using Guid(d4baafe4aa8f9a043a99297732b93535) Importer(815301076,1909f56bfc062723c751e8b465ee728b) (PreviewImporter) -> (artifact id: 'f76712810d8ca17467a8e8ab123246a2') in 0.0007871 seconds
Number of updated asset objects reloaded before import = 0Number of asset objects unloaded after import = 0

========================================================================
Received Import Request.
  Time since last request: 2.051537 seconds.
  path: Assets/Scenes/Scrips/Habilidades/Base/Proyectil.cs
  artifactKey: Guid(3bfded6b2e47edc4190e93657eb21acc) Importer(815301076,1909f56bfc062723c751e8b465ee728b)
Start importing Assets/Scenes/Scrips/Habilidades/Base/Proyectil.cs using Guid(3bfded6b2e47edc4190e93657eb21acc) Importer(815301076,1909f56bfc062723c751e8b465ee728b) (PreviewImporter) -> (artifact id: '53f43a547fa6bcaa65e5ad1333d182d6') in 0.000764 seconds
Number of updated asset objects reloaded before import = 0Number of asset objects unloaded after import = 0

========================================================================
Received Import Request.
  Time since last request: 2.187168 seconds.
  path: Assets/Scenes/Scrips/Habilidades/Base/Habilidades.cs
  artifactKey: Guid(de139564d5b24e44684a4848a4900111) Importer(815301076,1909f56bfc062723c751e8b465ee728b)
Start importing Assets/Scenes/Scrips/Habilidades/Base/Habilidades.cs using Guid(de139564d5b24e44684a4848a4900111) Importer(815301076,1909f56bfc062723c751e8b465ee728b) (PreviewImporter) -> (artifact id: 'c248ae205395ee1561fc3adef9efc56c') in 0.0008694 seconds
Number of updated asset objects reloaded before import = 0Number of asset objects unloaded after import = 0

========================================================================
Received Import Request.
  Time since last request: 8.102335 seconds.
  path: Assets/Scenes/Scrips/Interface/Idamageable.cs
  artifactKey: Guid(1d9e3afba0de97648a4d633885b8b133) Importer(815301076,1909f56bfc062723c751e8b465ee728b)
Start importing Assets/Scenes/Scrips/Interface/Idamageable.cs using Guid(1d9e3afba0de97648a4d633885b8b133) Importer(815301076,1909f56bfc062723c751e8b465ee728b) (PreviewImporter) -> (artifact id: '14640fe7ed69ace666fd896fe0bacc3e') in 0.0022231 seconds
Number of updated asset objects reloaded before import = 0Number of asset objects unloaded after import = 0

========================================================================
Received Import Request.
  Time since last request: 13.316636 seconds.
  path: Assets/Scenes
  artifactKey: Guid(9c53962885c2c4f449125a979d6ad240) Importer(815301076,1909f56bfc062723c751e8b465ee728b)
Start importing Assets/Scenes using Guid(9c53962885c2c4f449125a979d6ad240) Importer(815301076,1909f56bfc062723c751e8b465ee728b) (PreviewImporter) -> (artifact id: 'ae1af5c61b2fd4bcacfc65f55f013a75') in 0.0008906 seconds
Number of updated asset objects reloaded before import = 0Number of asset objects unloaded after import = 0

========================================================================
Received Prepare
Refreshing native plugins compatible for Editor in 3.83 ms, found 3 plugins.
Preloading 0 native plugins for Editor in 0.00 ms.
Unloading 0 Unused Serialized files (Serialized files now loaded: 0)
Unloading 3726 unused Assets / (131.0 KB). Loaded Objects now: 4259.
Memory consumption went from 99.1 MB to 99.0 MB.
Total: 15.912800 ms (FindLiveObjects: 0.733900 ms CreateObjectMapping: 1.086900 ms MarkObjects: 11.869500 ms  DeleteObjects: 2.220500 ms)

Prepare: number of updated asset objects reloaded= 0
========================================================================
Received Import Request.
  Time since last request: 15.482979 seconds.
  path: Assets/Scenes/Scrips/Interface/TargetRespawnn.cs
  artifactKey: Guid(3c108132f1fc88548be856f355cfadd2) Importer(815301076,1909f56bfc062723c751e8b465ee728b)
Start importing Assets/Scenes/Scrips/Interface/TargetRespawnn.cs using Guid(3c108132f1fc88548be856f355cfadd2) Importer(815301076,1909f56bfc062723c751e8b465ee728b) (PreviewImporter) -> (artifact id: 'c0e03ec6ed99fa2f3f695a20a9f688d3') in 0.0014474 seconds
Number of updated asset objects reloaded before import = 0Number of asset objects unloaded after import = 0

========================================================================
Received Prepare
Refreshing native plugins compatible for Editor in 4.97 ms, found 3 plugins.
Preloading 0 native plugins for Editor in 0.00 ms.
Unloading 0 Unused Serialized files (Serialized files now loaded: 0)
Unloading 3726 unused Assets / (131.0 KB). Loaded Objects now: 4259.
Memory consumption went from 99.1 MB to 99.0 MB.
Total: 22.080200 ms (FindLiveObjects: 0.921900 ms CreateObjectMapping: 0.896500 ms MarkObjects: 17.619200 ms  DeleteObjects: 2.640300 ms)

Prepare: number of updated asset objects reloaded= 0
========================================================================
Received Prepare
Refreshing native plugins compatible for Editor in 4.10 ms, found 3 plugins.
Preloading 0 native plugins for Editor in 0.00 ms.
Unloading 0 Unused Serialized files (Serialized files now loaded: 0)
Unloading 3725 unused Assets / (166.3 KB). Loaded Objects now: 4258.
Memory consumption went from 99.1 MB to 98.9 MB.
Total: 19.772400 ms (FindLiveObjects: 0.681300 ms CreateObjectMapping: 0.824100 ms MarkObjects: 9.916900 ms  DeleteObjects: 8.347800 ms)

Prepare: number of updated asset objects reloaded= 0
========================================================================
Received Prepare
Refreshing native plugins compatible for Editor in 18.69 ms, found 3 plugins.
Preloading 0 native plugins for Editor in 0.00 ms.
Unloading 0 Unused Serialized files (Serialized files now loaded: 0)
Unloading 3725 unused Assets / (444.5 KB). Loaded Objects now: 4258.
Memory consumption went from 99.1 MB to 98.7 MB.
Total: 25.255900 ms (FindLiveObjects: 1.096700 ms CreateObjectMapping: 1.331700 ms MarkObjects: 18.500300 ms  DeleteObjects: 4.324300 ms)

Prepare: number of updated asset objects reloaded= 0
========================================================================
Received Import Request.
  Time since last request: 347.969699 seconds.
  path: Assets/Scenes/Scrips/Habilidades/Curacion.cs
  artifactKey: Guid(5408da391942b244a87f56a95fd1e2be) Importer(815301076,1909f56bfc062723c751e8b465ee728b)
Start importing Assets/Scenes/Scrips/Habilidades/Curacion.cs using Guid(5408da391942b244a87f56a95fd1e2be) Importer(815301076,1909f56bfc062723c751e8b465ee728b) (PreviewImporter) -> (artifact id: 'f001e6a1c4333e2f48c6062a8c10bb95') in 0.0045596 seconds
Number of updated asset objects reloaded before import = 0Number of asset objects unloaded after import = 0

========================================================================
Received Import Request.
  Time since last request: 2.966207 seconds.
  path: Assets/Scenes/Scrips/Habilidades/Poder1.cs
  artifactKey: Guid(52bf5eb98bd0e914eaea8aa766fae091) Importer(815301076,1909f56bfc062723c751e8b465ee728b)
Start importing Assets/Scenes/Scrips/Habilidades/Poder1.cs using Guid(52bf5eb98bd0e914eaea8aa766fae091) Importer(815301076,1909f56bfc062723c751e8b465ee728b) (PreviewImporter) -> (artifact id: '1e0e9a08b3dda884b21d1aaa13d36791') in 0.000815 seconds
Number of updated asset objects reloaded before import = 0Number of asset objects unloaded after import = 0

========================================================================
Received Import Request.
  Time since last request: 0.910722 seconds.
  path: Assets/Scenes/Scrips/Habilidades/Poder2.cs
  artifactKey: Guid(ba5d781b34cee524997b704629ebf186) Importer(815301076,1909f56bfc062723c751e8b465ee728b)
Start importing Assets/Scenes/Scrips/Habilidades/Poder2.cs using Guid(ba5d781b34cee524997b704629ebf186) Importer(815301076,1909f56bfc062723c751e8b465ee728b) (PreviewImporter) -> (artifact id: 'c55dba881cc70a8f0a3a699759670f91') in 0.0008443 seconds
Number of updated asset objects reloaded before import = 0Number of asset objects unloaded after import = 0

========================================================================
Received Import Request.
  Time since last request: 234.924927 seconds.
  path: Assets/Scenes/Scrips/Habilidades/Poder3.cs
  artifactKey: Guid(85e1deb5a2f4aa941bdec10ec0852e57) Importer(815301076,1909f56bfc062723c751e8b465ee728b)
Start importing Assets/Scenes/Scrips/Habilidades/Poder3.cs using Guid(85e1deb5a2f4aa941bdec10ec0852e57) Importer(815301076,1909f56bfc062723c751e8b465ee728b) (PreviewImporter) -> (artifact id: '3faa944bcb7e60acc4b97ea142628d09') in 0.0010073 seconds
Number of updated asset objects reloaded before import = 0Number of asset objects unloaded after import = 0

========================================================================
Received Import Request.
  Time since last request: 133.537750 seconds.
  path: Assets/Scenes/Scrips/MagicBomb.cs
  artifactKey: Guid(67e464a949097b043bd929be83290a0f) Importer(815301076,1909f56bfc062723c751e8b465ee728b)
Start importing Assets/Scenes/Scrips/MagicBomb.cs using Guid(67e464a949097b043bd929be83290a0f) Importer(815301076,1909f56bfc062723c751e8b465ee728b) (PreviewImporter) -> (artifact id: 'ab0082cd3a602c83ad6a3cd030dc537c') in 0.0011573 seconds
Number of updated asset objects reloaded before import = 0Number of asset objects unloaded after import = 0

========================================================================
Received Prepare
Refreshing native plugins compatible for Editor in 2.72 ms, found 3 plugins.
Preloading 0 native plugins for Editor in 0.00 ms.
Unloading 0 Unused Serialized files (Serialized files now loaded: 0)
Unloading 3725 unused Assets / (1.0 MB). Loaded Objects now: 4258.
Memory consumption went from 99.1 MB to 98.1 MB.
Total: 16.417300 ms (FindLiveObjects: 0.674400 ms CreateObjectMapping: 0.715500 ms MarkObjects: 12.998800 ms  DeleteObjects: 2.026300 ms)

Prepare: number of updated asset objects reloaded= 0
========================================================================
Received Import Request.
  Time since last request: 456.876289 seconds.
  path: Assets/Scenes/Scrips/Habilidades/Base/Habilidades.cs
  artifactKey: Guid(de139564d5b24e44684a4848a4900111) Importer(815301076,1909f56bfc062723c751e8b465ee728b)
Start importing Assets/Scenes/Scrips/Habilidades/Base/Habilidades.cs using Guid(de139564d5b24e44684a4848a4900111) Importer(815301076,1909f56bfc062723c751e8b465ee728b) (PreviewImporter) -> (artifact id: 'd708277e360e4004b32163180661ccd2') in 0.0360258 seconds
Number of updated asset objects reloaded before import = 0Number of asset objects unloaded after import = 0

========================================================================
Received Prepare
Refreshing native plugins compatible for Editor in 16.56 ms, found 3 plugins.
Preloading 0 native plugins for Editor in 0.00 ms.
Unloading 0 Unused Serialized files (Serialized files now loaded: 0)
Unloading 3725 unused Assets / (131.0 KB). Loaded Objects now: 4258.
Memory consumption went from 99.1 MB to 99.0 MB.
Total: 22.778100 ms (FindLiveObjects: 0.828500 ms CreateObjectMapping: 1.497800 ms MarkObjects: 17.321600 ms  DeleteObjects: 3.128900 ms)

Prepare: number of updated asset objects reloaded= 0
========================================================================
Received Prepare
Refreshing native plugins compatible for Editor in 6.54 ms, found 3 plugins.
Preloading 0 native plugins for Editor in 0.00 ms.
Unloading 0 Unused Serialized files (Serialized files now loaded: 0)
Unloading 3725 unused Assets / (1.0 MB). Loaded Objects now: 4258.
Memory consumption went from 99.1 MB to 98.1 MB.
Total: 12.088000 ms (FindLiveObjects: 0.651700 ms CreateObjectMapping: 0.742500 ms MarkObjects: 8.694400 ms  DeleteObjects: 1.997400 ms)

Prepare: number of updated asset objects reloaded= 0
========================================================================
Received Import Request.
  Time since last request: 68.503242 seconds.
  path: Assets/Scenes/Scrips/Habilidades/Base/Habilidades.cs
  artifactKey: Guid(de139564d5b24e44684a4848a4900111) Importer(815301076,1909f56bfc062723c751e8b465ee728b)
Start importing Assets/Scenes/Scrips/Habilidades/Base/Habilidades.cs using Guid(de139564d5b24e44684a4848a4900111) Importer(815301076,1909f56bfc062723c751e8b465ee728b) (PreviewImporter) -> (artifact id: 'e1a5aef2c08234dbdf0e4f53121dbc47') in 0.0222069 seconds
Number of updated asset objects reloaded before import = 0Number of asset objects unloaded after import = 0

========================================================================
Received Prepare
Refreshing native plugins compatible for Editor in 2.84 ms, found 3 plugins.
Preloading 0 native plugins for Editor in 0.00 ms.
Unloading 0 Unused Serialized files (Serialized files now loaded: 0)
Unloading 3725 unused Assets / (1.0 MB). Loaded Objects now: 4258.
Memory consumption went from 99.1 MB to 98.1 MB.
Total: 12.890400 ms (FindLiveObjects: 0.676800 ms CreateObjectMapping: 0.766200 ms MarkObjects: 9.487700 ms  DeleteObjects: 1.957900 ms)

Prepare: number of updated asset objects reloaded= 0
========================================================================
Received Prepare
Refreshing native plugins compatible for Editor in 7.72 ms, found 3 plugins.
Preloading 0 native plugins for Editor in 0.00 ms.
Unloading 0 Unused Serialized files (Serialized files now loaded: 0)
Unloading 3725 unused Assets / (0.6 MB). Loaded Objects now: 4258.
Memory consumption went from 99.1 MB to 98.6 MB.
Total: 15.373100 ms (FindLiveObjects: 0.765000 ms CreateObjectMapping: 0.895800 ms MarkObjects: 10.316700 ms  DeleteObjects: 3.392600 ms)

Prepare: number of updated asset objects reloaded= 0
========================================================================
Received Prepare
Refreshing native plugins compatible for Editor in 4.35 ms, found 3 plugins.
Preloading 0 native plugins for Editor in 0.00 ms.
Unloading 0 Unused Serialized files (Serialized files now loaded: 0)
Unloading 3725 unused Assets / (0.6 MB). Loaded Objects now: 4258.
Memory consumption went from 99.1 MB to 98.5 MB.
Total: 16.182100 ms (FindLiveObjects: 0.665800 ms CreateObjectMapping: 0.854800 ms MarkObjects: 10.641400 ms  DeleteObjects: 4.017800 ms)

Prepare: number of updated asset objects reloaded= 0
========================================================================
Received Prepare
Refreshing native plugins compatible for Editor in 3.07 ms, found 3 plugins.
Preloading 0 native plugins for Editor in 0.00 ms.
Unloading 0 Unused Serialized files (Serialized files now loaded: 0)
Unloading 3725 unused Assets / (1.1 MB). Loaded Objects now: 4258.
Memory consumption went from 99.1 MB to 98.0 MB.
Total: 17.015200 ms (FindLiveObjects: 0.615500 ms CreateObjectMapping: 0.759900 ms MarkObjects: 13.600700 ms  DeleteObjects: 2.037500 ms)

Prepare: number of updated asset objects reloaded= 0
========================================================================
Received Prepare
Refreshing native plugins compatible for Editor in 5.01 ms, found 3 plugins.
Preloading 0 native plugins for Editor in 0.00 ms.
Unloading 0 Unused Serialized files (Serialized files now loaded: 0)
Unloading 3725 unused Assets / (1.0 MB). Loaded Objects now: 4258.
Memory consumption went from 99.1 MB to 98.1 MB.
Total: 23.528400 ms (FindLiveObjects: 1.221300 ms CreateObjectMapping: 1.491300 ms MarkObjects: 18.784600 ms  DeleteObjects: 2.029300 ms)

Prepare: number of updated asset objects reloaded= 0
========================================================================
Received Prepare
Refreshing native plugins compatible for Editor in 2.57 ms, found 3 plugins.
Preloading 0 native plugins for Editor in 0.00 ms.
Unloading 0 Unused Serialized files (Serialized files now loaded: 0)
Unloading 3725 unused Assets / (1.1 MB). Loaded Objects now: 4258.
Memory consumption went from 99.1 MB to 98.0 MB.
Total: 12.442300 ms (FindLiveObjects: 0.610400 ms CreateObjectMapping: 1.261000 ms MarkObjects: 8.435800 ms  DeleteObjects: 2.133400 ms)

Prepare: number of updated asset objects reloaded= 0
========================================================================
Received Prepare
Refreshing native plugins compatible for Editor in 4.39 ms, found 3 plugins.
Preloading 0 native plugins for Editor in 0.00 ms.
Unloading 0 Unused Serialized files (Serialized files now loaded: 0)
Unloading 3725 unused Assets / (0.7 MB). Loaded Objects now: 4258.
Memory consumption went from 99.1 MB to 98.4 MB.
Total: 12.540900 ms (FindLiveObjects: 0.727300 ms CreateObjectMapping: 0.794300 ms MarkObjects: 8.527800 ms  DeleteObjects: 2.490000 ms)

Prepare: number of updated asset objects reloaded= 0
========================================================================
Received Prepare
Refreshing native plugins compatible for Editor in 3.48 ms, found 3 plugins.
Preloading 0 native plugins for Editor in 0.00 ms.
Unloading 0 Unused Serialized files (Serialized files now loaded: 0)
Unloading 3725 unused Assets / (1.1 MB). Loaded Objects now: 4258.
Memory consumption went from 99.1 MB to 98.0 MB.
Total: 12.213100 ms (FindLiveObjects: 0.645700 ms CreateObjectMapping: 0.691600 ms MarkObjects: 8.722800 ms  DeleteObjects: 2.151200 ms)

Prepare: number of updated asset objects reloaded= 0
========================================================================
Received Import Request.
  Time since last request: 274.891866 seconds.
  path: Assets/Scenes/Scrips/Habilidades/Base/Proyectil.cs
  artifactKey: Guid(3bfded6b2e47edc4190e93657eb21acc) Importer(815301076,1909f56bfc062723c751e8b465ee728b)
Start importing Assets/Scenes/Scrips/Habilidades/Base/Proyectil.cs using Guid(3bfded6b2e47edc4190e93657eb21acc) Importer(815301076,1909f56bfc062723c751e8b465ee728b) (PreviewImporter) -> (artifact id: 'b96c018c7d12a228406692dff60069fe') in 0.0103113 seconds
Number of updated asset objects reloaded before import = 0Number of asset objects unloaded after import = 0

========================================================================
Received Prepare
Refreshing native plugins compatible for Editor in 17.93 ms, found 3 plugins.
Preloading 0 native plugins for Editor in 0.00 ms.
Unloading 0 Unused Serialized files (Serialized files now loaded: 0)
Unloading 3725 unused Assets / (131.0 KB). Loaded Objects now: 4258.
Memory consumption went from 99.1 MB to 99.0 MB.
Total: 152.787200 ms (FindLiveObjects: 1.537400 ms CreateObjectMapping: 1.020700 ms MarkObjects: 134.429600 ms  DeleteObjects: 15.794900 ms)

Prepare: number of updated asset objects reloaded= 0
========================================================================
Received Import Request.
  Time since last request: 18.902544 seconds.
  path: Assets/Scenes/Scrips/Habilidades/Base/NewMonoBehaviourScript.cs
  artifactKey: Guid(d4baafe4aa8f9a043a99297732b93535) Importer(815301076,1909f56bfc062723c751e8b465ee728b)
Start importing Assets/Scenes/Scrips/Habilidades/Base/NewMonoBehaviourScript.cs using Guid(d4baafe4aa8f9a043a99297732b93535) Importer(815301076,1909f56bfc062723c751e8b465ee728b) (PreviewImporter) -> (artifact id: '911b5a9e5ed484dcc23b0a76fd133d85') in 0.0085433 seconds
Number of updated asset objects reloaded before import = 0Number of asset objects unloaded after import = 0

========================================================================
Received Prepare
Refreshing native plugins compatible for Editor in 2.75 ms, found 3 plugins.
Preloading 0 native plugins for Editor in 0.00 ms.
Unloading 0 Unused Serialized files (Serialized files now loaded: 0)
Unloading 3725 unused Assets / (131.0 KB). Loaded Objects now: 4258.
Memory consumption went from 99.1 MB to 99.0 MB.
Total: 25.434700 ms (FindLiveObjects: 0.644700 ms CreateObjectMapping: 0.774200 ms MarkObjects: 17.581000 ms  DeleteObjects: 6.433000 ms)

Prepare: number of updated asset objects reloaded= 0
========================================================================
Received Import Request.
  Time since last request: 7.721137 seconds.
  path: Assets/Scenes/Scrips/Habilidades/Base/Comportamiento Bomba.cs
  artifactKey: Guid(d4baafe4aa8f9a043a99297732b93535) Importer(815301076,1909f56bfc062723c751e8b465ee728b)
Start importing Assets/Scenes/Scrips/Habilidades/Base/Comportamiento Bomba.cs using Guid(d4baafe4aa8f9a043a99297732b93535) Importer(815301076,1909f56bfc062723c751e8b465ee728b) (PreviewImporter) -> (artifact id: 'c398cb2f8f226776d75ede6604943021') in 0.0479695 seconds
Number of updated asset objects reloaded before import = 0Number of asset objects unloaded after import = 0

========================================================================
Received Import Request.
  Time since last request: 4.797275 seconds.
  path: Assets/Scenes/Scrips/ParticleSystem.cs
  artifactKey: Guid(8ea761f660d88b949aff8d846762ad8a) Importer(815301076,1909f56bfc062723c751e8b465ee728b)
Start importing Assets/Scenes/Scrips/ParticleSystem.cs using Guid(8ea761f660d88b949aff8d846762ad8a) Importer(815301076,1909f56bfc062723c751e8b465ee728b) (PreviewImporter) -> (artifact id: '169a77374a7dd180168c09ee38d76e01') in 0.0011118 seconds
Number of updated asset objects reloaded before import = 0Number of asset objects unloaded after import = 0

========================================================================
Received Prepare
Refreshing native plugins compatible for Editor in 3.24 ms, found 3 plugins.
Preloading 0 native plugins for Editor in 0.00 ms.
Unloading 0 Unused Serialized files (Serialized files now loaded: 0)
Unloading 3725 unused Assets / (131.0 KB). Loaded Objects now: 4258.
Memory consumption went from 99.1 MB to 99.0 MB.
Total: 14.598900 ms (FindLiveObjects: 0.779800 ms CreateObjectMapping: 0.924600 ms MarkObjects: 11.001600 ms  DeleteObjects: 1.891200 ms)

Prepare: number of updated asset objects reloaded= 0
========================================================================
Received Import Request.
  Time since last request: 5.639145 seconds.
  path: Assets/Scenes/Scrips/Area de Daño.cs
  artifactKey: Guid(8ea761f660d88b949aff8d846762ad8a) Importer(815301076,1909f56bfc062723c751e8b465ee728b)
Start importing Assets/Scenes/Scrips/Area de Daño.cs using Guid(8ea761f660d88b949aff8d846762ad8a) Importer(815301076,1909f56bfc062723c751e8b465ee728b) (PreviewImporter) -> (artifact id: '03d6c97ef0440fd076e397bcca1d034d') in 0.0038479 seconds
Number of updated asset objects reloaded before import = 0Number of asset objects unloaded after import = 0

========================================================================
Received Prepare
Refreshing native plugins compatible for Editor in 2.53 ms, found 3 plugins.
Preloading 0 native plugins for Editor in 0.00 ms.
Unloading 0 Unused Serialized files (Serialized files now loaded: 0)
Unloading 3725 unused Assets / (1.1 MB). Loaded Objects now: 4258.
Memory consumption went from 99.1 MB to 98.0 MB.
Total: 17.334600 ms (FindLiveObjects: 0.717700 ms CreateObjectMapping: 0.719800 ms MarkObjects: 12.774800 ms  DeleteObjects: 3.120600 ms)

Prepare: number of updated asset objects reloaded= 0
========================================================================
Received Prepare
Refreshing native plugins compatible for Editor in 6.90 ms, found 3 plugins.
Preloading 0 native plugins for Editor in 0.00 ms.
Unloading 0 Unused Serialized files (Serialized files now loaded: 0)
Unloading 3725 unused Assets / (1.0 MB). Loaded Objects now: 4258.
Memory consumption went from 99.1 MB to 98.1 MB.
Total: 26.776900 ms (FindLiveObjects: 1.056900 ms CreateObjectMapping: 0.808400 ms MarkObjects: 22.938100 ms  DeleteObjects: 1.971500 ms)

Prepare: number of updated asset objects reloaded= 0
========================================================================
Received Prepare
Refreshing native plugins compatible for Editor in 4.18 ms, found 3 plugins.
Preloading 0 native plugins for Editor in 0.00 ms.
Unloading 0 Unused Serialized files (Serialized files now loaded: 0)
Unloading 3725 unused Assets / (1.1 MB). Loaded Objects now: 4258.
Memory consumption went from 99.1 MB to 98.0 MB.
Total: 14.564000 ms (FindLiveObjects: 0.842100 ms CreateObjectMapping: 0.974400 ms MarkObjects: 10.351400 ms  DeleteObjects: 2.393600 ms)

Prepare: number of updated asset objects reloaded= 0
========================================================================
Received Import Request.
  Time since last request: 15.226244 seconds.
  path: Assets/Scenes/Scrips/Habilidades/Poder2.cs
  artifactKey: Guid(ba5d781b34cee524997b704629ebf186) Importer(815301076,1909f56bfc062723c751e8b465ee728b)
Start importing Assets/Scenes/Scrips/Habilidades/Poder2.cs using Guid(ba5d781b34cee524997b704629ebf186) Importer(815301076,1909f56bfc062723c751e8b465ee728b) (PreviewImporter) -> (artifact id: 'c494ece78fa886ac3078ddc71ac1b680') in 0.0139222 seconds
Number of updated asset objects reloaded before import = 0Number of asset objects unloaded after import = 0

========================================================================
Received Prepare
Refreshing native plugins compatible for Editor in 3.93 ms, found 3 plugins.
Preloading 0 native plugins for Editor in 0.00 ms.
Unloading 0 Unused Serialized files (Serialized files now loaded: 0)
Unloading 3725 unused Assets / (1.0 MB). Loaded Objects now: 4258.
Memory consumption went from 99.1 MB to 98.2 MB.
Total: 15.068500 ms (FindLiveObjects: 0.607200 ms CreateObjectMapping: 0.837900 ms MarkObjects: 11.552800 ms  DeleteObjects: 2.068300 ms)

Prepare: number of updated asset objects reloaded= 0
========================================================================
Received Import Request.
  Time since last request: 4.975171 seconds.
  path: Assets/Scenes/Scrips/Habilidades/Poder3.cs
  artifactKey: Guid(85e1deb5a2f4aa941bdec10ec0852e57) Importer(815301076,1909f56bfc062723c751e8b465ee728b)
Start importing Assets/Scenes/Scrips/Habilidades/Poder3.cs using Guid(85e1deb5a2f4aa941bdec10ec0852e57) Importer(815301076,1909f56bfc062723c751e8b465ee728b) (PreviewImporter) -> (artifact id: '99ad95992d9a63e9061221ebac42c4a7') in 0.0132674 seconds
Number of updated asset objects reloaded before import = 0Number of asset objects unloaded after import = 0

========================================================================
Received Prepare
Refreshing native plugins compatible for Editor in 3.96 ms, found 3 plugins.
Preloading 0 native plugins for Editor in 0.00 ms.
Unloading 0 Unused Serialized files (Serialized files now loaded: 0)
Unloading 3725 unused Assets / (131.9 KB). Loaded Objects now: 4258.
Memory consumption went from 99.1 MB to 99.0 MB.
Total: 16.295400 ms (FindLiveObjects: 1.146300 ms CreateObjectMapping: 1.014300 ms MarkObjects: 11.740900 ms  DeleteObjects: 2.392000 ms)

Prepare: number of updated asset objects reloaded= 0
========================================================================
Received Import Request.
  Time since last request: 7.524818 seconds.
  path: Assets/Scenes/Scrips/Habilidades/Dispersion.cs
  artifactKey: Guid(85e1deb5a2f4aa941bdec10ec0852e57) Importer(815301076,1909f56bfc062723c751e8b465ee728b)
Start importing Assets/Scenes/Scrips/Habilidades/Dispersion.cs using Guid(85e1deb5a2f4aa941bdec10ec0852e57) Importer(815301076,1909f56bfc062723c751e8b465ee728b) (PreviewImporter) -> (artifact id: '4aaab0f237cb68b50aba671fece8e51f') in 0.0099931 seconds
Number of updated asset objects reloaded before import = 0Number of asset objects unloaded after import = 0

========================================================================
Received Prepare
Refreshing native plugins compatible for Editor in 3.06 ms, found 3 plugins.
Preloading 0 native plugins for Editor in 0.00 ms.
Unloading 0 Unused Serialized files (Serialized files now loaded: 0)
Unloading 3725 unused Assets / (131.0 KB). Loaded Objects now: 4258.
Memory consumption went from 99.1 MB to 99.0 MB.
Total: 135.415800 ms (FindLiveObjects: 0.762400 ms CreateObjectMapping: 1.416800 ms MarkObjects: 128.759600 ms  DeleteObjects: 4.475100 ms)

Prepare: number of updated asset objects reloaded= 0
========================================================================
Received Import Request.
  Time since last request: 478.462986 seconds.
  path: Assets/Scenes/Scrips/Character/Dommie.cs
  artifactKey: Guid(76f292971a5262d4aba3321e74f6da78) Importer(815301076,1909f56bfc062723c751e8b465ee728b)
Start importing Assets/Scenes/Scrips/Character/Dommie.cs using Guid(76f292971a5262d4aba3321e74f6da78) Importer(815301076,1909f56bfc062723c751e8b465ee728b) (PreviewImporter) -> (artifact id: 'dba0f4d387a8e631afb28005c8e2a706') in 0.0017033 seconds
Number of updated asset objects reloaded before import = 0Number of asset objects unloaded after import = 0

========================================================================
Received Import Request.
  Time since last request: 15.465834 seconds.
  path: Assets/Scenes/Scrips/Character/Jugador,vida, mana, daño.cs
  artifactKey: Guid(3b5da9b61318c084dae29699a9951dde) Importer(815301076,1909f56bfc062723c751e8b465ee728b)
Start importing Assets/Scenes/Scrips/Character/Jugador,vida, mana, daño.cs using Guid(3b5da9b61318c084dae29699a9951dde) Importer(815301076,1909f56bfc062723c751e8b465ee728b) (PreviewImporter) -> (artifact id: '34ad4842cdf18af98727db2956bccbf9') in 0.0010125 seconds
Number of updated asset objects reloaded before import = 0Number of asset objects unloaded after import = 0

========================================================================
Received Prepare
Refreshing native plugins compatible for Editor in 5.77 ms, found 3 plugins.
Preloading 0 native plugins for Editor in 0.00 ms.
Unloading 0 Unused Serialized files (Serialized files now loaded: 0)
Unloading 3725 unused Assets / (403.7 KB). Loaded Objects now: 4258.
Memory consumption went from 99.1 MB to 98.7 MB.
Total: 22.399800 ms (FindLiveObjects: 0.934000 ms CreateObjectMapping: 0.915600 ms MarkObjects: 17.362200 ms  DeleteObjects: 3.186200 ms)

Prepare: number of updated asset objects reloaded= 0
========================================================================
Received Prepare
Refreshing native plugins compatible for Editor in 3.69 ms, found 3 plugins.
Preloading 0 native plugins for Editor in 0.00 ms.
Unloading 0 Unused Serialized files (Serialized files now loaded: 0)
Unloading 3725 unused Assets / (0.6 MB). Loaded Objects now: 4258.
Memory consumption went from 99.1 MB to 98.5 MB.
Total: 21.842300 ms (FindLiveObjects: 0.739500 ms CreateObjectMapping: 0.952500 ms MarkObjects: 18.027800 ms  DeleteObjects: 2.120100 ms)

Prepare: number of updated asset objects reloaded= 0
========================================================================
Received Import Request.
  Time since last request: 223.635244 seconds.
  path: Assets/Scenes/Scrips/Character/Jugador,vida, mana, daño.cs
  artifactKey: Guid(3b5da9b61318c084dae29699a9951dde) Importer(815301076,1909f56bfc062723c751e8b465ee728b)
Start importing Assets/Scenes/Scrips/Character/Jugador,vida, mana, daño.cs using Guid(3b5da9b61318c084dae29699a9951dde) Importer(815301076,1909f56bfc062723c751e8b465ee728b) (PreviewImporter) -> (artifact id: 'a4e9c14f7159cef8b5182d4d5295cbdb') in 0.0072431 seconds
Number of updated asset objects reloaded before import = 0Number of asset objects unloaded after import = 0

========================================================================
Received Prepare
Refreshing native plugins compatible for Editor in 3.12 ms, found 3 plugins.
Preloading 0 native plugins for Editor in 0.00 ms.
Unloading 0 Unused Serialized files (Serialized files now loaded: 0)
Unloading 3725 unused Assets / (3.1 MB). Loaded Objects now: 4258.
Memory consumption went from 99.1 MB to 96.0 MB.
Total: 260.409000 ms (FindLiveObjects: 0.677700 ms CreateObjectMapping: 0.793700 ms MarkObjects: 16.252800 ms  DeleteObjects: 242.678900 ms)

Prepare: number of updated asset objects reloaded= 0
========================================================================
Received Import Request.
  Time since last request: 19.761894 seconds.
  path: Assets/Scenes/Scrips/Other
  artifactKey: Guid(26a9d8ffb2261e1418695c92fc0deaa1) Importer(815301076,1909f56bfc062723c751e8b465ee728b)
Start importing Assets/Scenes/Scrips/Other using Guid(26a9d8ffb2261e1418695c92fc0deaa1) Importer(815301076,1909f56bfc062723c751e8b465ee728b) (PreviewImporter) -> (artifact id: '3aad0511f1c8a9bb7f6183061ad93385') in 0.0055089 seconds
Number of updated asset objects reloaded before import = 0Number of asset objects unloaded after import = 0

========================================================================
Received Prepare
Refreshing native plugins compatible for Editor in 2.98 ms, found 3 plugins.
Preloading 0 native plugins for Editor in 0.00 ms.
Unloading 0 Unused Serialized files (Serialized files now loaded: 0)
Unloading 3725 unused Assets / (1.0 MB). Loaded Objects now: 4258.
Memory consumption went from 99.1 MB to 98.1 MB.
Total: 12.937800 ms (FindLiveObjects: 0.630200 ms CreateObjectMapping: 0.793900 ms MarkObjects: 9.244200 ms  DeleteObjects: 2.267400 ms)

Prepare: number of updated asset objects reloaded= 0
========================================================================
Received Prepare
Refreshing native plugins compatible for Editor in 3.34 ms, found 3 plugins.
Preloading 0 native plugins for Editor in 0.00 ms.
Unloading 0 Unused Serialized files (Serialized files now loaded: 0)
Unloading 3725 unused Assets / (1.7 MB). Loaded Objects now: 4258.
Memory consumption went from 99.1 MB to 97.4 MB.
Total: 34.712000 ms (FindLiveObjects: 0.675600 ms CreateObjectMapping: 1.146700 ms MarkObjects: 18.563400 ms  DeleteObjects: 14.324200 ms)

Prepare: number of updated asset objects reloaded= 0
========================================================================
Received Prepare
Refreshing native plugins compatible for Editor in 3.59 ms, found 3 plugins.
Preloading 0 native plugins for Editor in 0.00 ms.
Unloading 0 Unused Serialized files (Serialized files now loaded: 0)
Unloading 3725 unused Assets / (1.1 MB). Loaded Objects now: 4258.
Memory consumption went from 99.1 MB to 98.0 MB.
Total: 15.172000 ms (FindLiveObjects: 0.745900 ms CreateObjectMapping: 1.675200 ms MarkObjects: 10.627300 ms  DeleteObjects: 2.122200 ms)

Prepare: number of updated asset objects reloaded= 0
========================================================================
Received Import Request.
  Time since last request: 633.912283 seconds.
  path: Assets/Scenes/Scrips/Character/Clases
  artifactKey: Guid(757e5e1bd4d1869438a7acd4fd0c7a46) Importer(815301076,1909f56bfc062723c751e8b465ee728b)
Start importing Assets/Scenes/Scrips/Character/Clases using Guid(757e5e1bd4d1869438a7acd4fd0c7a46) Importer(815301076,1909f56bfc062723c751e8b465ee728b) (PreviewImporter) -> (artifact id: 'a0797b0ddc4a99e096485dca51f8ba29') in 0.0052224 seconds
Number of updated asset objects reloaded before import = 0Number of asset objects unloaded after import = 0

========================================================================
Received Prepare
Refreshing native plugins compatible for Editor in 47.41 ms, found 3 plugins.
Preloading 0 native plugins for Editor in 0.00 ms.
Unloading 0 Unused Serialized files (Serialized files now loaded: 0)
Unloading 3726 unused Assets / (131.0 KB). Loaded Objects now: 4259.
Memory consumption went from 99.1 MB to 99.0 MB.
Total: 23.298500 ms (FindLiveObjects: 0.743000 ms CreateObjectMapping: 1.283100 ms MarkObjects: 18.116700 ms  DeleteObjects: 3.154000 ms)

Prepare: number of updated asset objects reloaded= 0
========================================================================
Received Prepare
Refreshing native plugins compatible for Editor in 36.53 ms, found 3 plugins.
Preloading 0 native plugins for Editor in 0.00 ms.
Unloading 0 Unused Serialized files (Serialized files now loaded: 0)
Unloading 3727 unused Assets / (131.0 KB). Loaded Objects now: 4260.
Memory consumption went from 99.1 MB to 99.0 MB.
Total: 23.825200 ms (FindLiveObjects: 0.803700 ms CreateObjectMapping: 1.005300 ms MarkObjects: 19.515700 ms  DeleteObjects: 2.498900 ms)

Prepare: number of updated asset objects reloaded= 0
========================================================================
Received Prepare
Refreshing native plugins compatible for Editor in 2.70 ms, found 3 plugins.
Preloading 0 native plugins for Editor in 0.00 ms.
Unloading 0 Unused Serialized files (Serialized files now loaded: 0)
Unloading 3727 unused Assets / (1.1 MB). Loaded Objects now: 4260.
Memory consumption went from 99.1 MB to 98.0 MB.
Total: 11.038100 ms (FindLiveObjects: 0.588100 ms CreateObjectMapping: 0.674300 ms MarkObjects: 7.620800 ms  DeleteObjects: 2.153400 ms)

Prepare: number of updated asset objects reloaded= 0
========================================================================
Received Import Request.
  Time since last request: 426.034032 seconds.
  path: Assets/Scenes/Scrips/Character/Clases/Vampiro.cs
  artifactKey: Guid(e5b4a137997133c4fa0295cafdadd04a) Importer(815301076,1909f56bfc062723c751e8b465ee728b)
Start importing Assets/Scenes/Scrips/Character/Clases/Vampiro.cs using Guid(e5b4a137997133c4fa0295cafdadd04a) Importer(815301076,1909f56bfc062723c751e8b465ee728b) (PreviewImporter) -> (artifact id: 'e4d40178b1e29ac912fe2affeb2ab9ba') in 0.0063957 seconds
Number of updated asset objects reloaded before import = 0Number of asset objects unloaded after import = 0

========================================================================
Received Prepare
Refreshing native plugins compatible for Editor in 9.13 ms, found 3 plugins.
Preloading 0 native plugins for Editor in 0.00 ms.
Unloading 0 Unused Serialized files (Serialized files now loaded: 0)
Unloading 3727 unused Assets / (131.0 KB). Loaded Objects now: 4260.
Memory consumption went from 99.1 MB to 99.0 MB.
Total: 23.001300 ms (FindLiveObjects: 0.887800 ms CreateObjectMapping: 0.723600 ms MarkObjects: 17.627400 ms  DeleteObjects: 3.761200 ms)

Prepare: number of updated asset objects reloaded= 0
========================================================================
Received Import Request.
  Time since last request: 10.439751 seconds.
  path: Assets/Scenes/Scrips/Character/Clases/Vampiro.cs
  artifactKey: Guid(e5b4a137997133c4fa0295cafdadd04a) Importer(815301076,1909f56bfc062723c751e8b465ee728b)
Start importing Assets/Scenes/Scrips/Character/Clases/Vampiro.cs using Guid(e5b4a137997133c4fa0295cafdadd04a) Importer(815301076,1909f56bfc062723c751e8b465ee728b) (PreviewImporter) -> (artifact id: 'bd67a97dbeaf6d20f594f01e26acd3d1') in 0.0061591 seconds
Number of updated asset objects reloaded before import = 0Number of asset objects unloaded after import = 0

========================================================================
Received Prepare
Refreshing native plugins compatible for Editor in 2.91 ms, found 3 plugins.
Preloading 0 native plugins for Editor in 0.00 ms.
Unloading 0 Unused Serialized files (Serialized files now loaded: 0)
Unloading 3728 unused Assets / (131.0 KB). Loaded Objects now: 4261.
Memory consumption went from 99.1 MB to 99.0 MB.
Total: 14.063200 ms (FindLiveObjects: 0.700600 ms CreateObjectMapping: 0.801300 ms MarkObjects: 10.566800 ms  DeleteObjects: 1.993200 ms)

Prepare: number of updated asset objects reloaded= 0
========================================================================
Received Import Request.
  Time since last request: 10.938703 seconds.
  path: Assets/Scenes/Scrips/Character/Clases/Cazador.cs
  artifactKey: Guid(1a4923b83e0596b468edb0fea9d98fdb) Importer(815301076,1909f56bfc062723c751e8b465ee728b)
Start importing Assets/Scenes/Scrips/Character/Clases/Cazador.cs using Guid(1a4923b83e0596b468edb0fea9d98fdb) Importer(815301076,1909f56bfc062723c751e8b465ee728b) (PreviewImporter) -> (artifact id: 'd7ff48ed9fe7b9251e5a6e0bb4349425') in 0.0036732 seconds
Number of updated asset objects reloaded before import = 0Number of asset objects unloaded after import = 0

========================================================================
Received Prepare
Refreshing native plugins compatible for Editor in 34.03 ms, found 3 plugins.
Preloading 0 native plugins for Editor in 0.00 ms.
Unloading 0 Unused Serialized files (Serialized files now loaded: 0)
Unloading 3728 unused Assets / (0.7 MB). Loaded Objects now: 4261.
Memory consumption went from 99.1 MB to 98.4 MB.
Total: 17.699100 ms (FindLiveObjects: 0.744000 ms CreateObjectMapping: 0.845500 ms MarkObjects: 11.696000 ms  DeleteObjects: 4.412000 ms)

Prepare: number of updated asset objects reloaded= 0
========================================================================
Received Import Request.
  Time since last request: 130.104091 seconds.
  path: Assets/Scenes/Scrips/Character/Clases/Cazador.cs
  artifactKey: Guid(1a4923b83e0596b468edb0fea9d98fdb) Importer(815301076,1909f56bfc062723c751e8b465ee728b)
Start importing Assets/Scenes/Scrips/Character/Clases/Cazador.cs using Guid(1a4923b83e0596b468edb0fea9d98fdb) Importer(815301076,1909f56bfc062723c751e8b465ee728b) (PreviewImporter) -> (artifact id: '0c6466bb7ab82a21284974304dd26fee') in 0.0020717 seconds
Number of updated asset objects reloaded before import = 0Number of asset objects unloaded after import = 0

========================================================================
Received Prepare
Refreshing native plugins compatible for Editor in 2.55 ms, found 3 plugins.
Preloading 0 native plugins for Editor in 0.00 ms.
Unloading 0 Unused Serialized files (Serialized files now loaded: 0)
Unloading 3728 unused Assets / (1.0 MB). Loaded Objects now: 4261.
Memory consumption went from 99.1 MB to 98.1 MB.
Total: 13.875300 ms (FindLiveObjects: 0.671600 ms CreateObjectMapping: 0.745000 ms MarkObjects: 10.223300 ms  DeleteObjects: 2.233800 ms)

Prepare: number of updated asset objects reloaded= 0
========================================================================
Received Prepare
Refreshing native plugins compatible for Editor in 4.22 ms, found 3 plugins.
Preloading 0 native plugins for Editor in 0.00 ms.
Unloading 0 Unused Serialized files (Serialized files now loaded: 0)
Unloading 3728 unused Assets / (419.2 KB). Loaded Objects now: 4261.
Memory consumption went from 99.1 MB to 98.7 MB.
Total: 16.389000 ms (FindLiveObjects: 0.653600 ms CreateObjectMapping: 2.057600 ms MarkObjects: 10.557000 ms  DeleteObjects: 3.119400 ms)

Prepare: number of updated asset objects reloaded= 0
========================================================================
Received Prepare
Refreshing native plugins compatible for Editor in 6.60 ms, found 3 plugins.
Preloading 0 native plugins for Editor in 0.00 ms.
Unloading 0 Unused Serialized files (Serialized files now loaded: 0)
Unloading 3728 unused Assets / (0.7 MB). Loaded Objects now: 4261.
Memory consumption went from 99.1 MB to 98.4 MB.
Total: 221.409400 ms (FindLiveObjects: 2.117800 ms CreateObjectMapping: 32.845100 ms MarkObjects: 183.916500 ms  DeleteObjects: 2.527900 ms)

Prepare: number of updated asset objects reloaded= 0
========================================================================
Received Prepare
Refreshing native plugins compatible for Editor in 6.42 ms, found 3 plugins.
Preloading 0 native plugins for Editor in 0.00 ms.
Unloading 0 Unused Serialized files (Serialized files now loaded: 0)
Unloading 3729 unused Assets / (131.0 KB). Loaded Objects now: 4262.
Memory consumption went from 99.1 MB to 99.0 MB.
Total: 22.059900 ms (FindLiveObjects: 5.607800 ms CreateObjectMapping: 0.849800 ms MarkObjects: 13.360600 ms  DeleteObjects: 2.240100 ms)

Prepare: number of updated asset objects reloaded= 0
========================================================================
Received Import Request.
  Time since last request: 472.845712 seconds.
  path: Assets/Scenes/Scrips/Character/Base/Stats.cs
  artifactKey: Guid(38336aee7cfb6de49a4ba7de8f28418d) Importer(815301076,1909f56bfc062723c751e8b465ee728b)
Start importing Assets/Scenes/Scrips/Character/Base/Stats.cs using Guid(38336aee7cfb6de49a4ba7de8f28418d) Importer(815301076,1909f56bfc062723c751e8b465ee728b) (PreviewImporter) -> (artifact id: '524a347e2277aaf27c5032d61856d643') in 0.0492675 seconds
Number of updated asset objects reloaded before import = 0Number of asset objects unloaded after import = 0

========================================================================
Received Prepare
Refreshing native plugins compatible for Editor in 14.33 ms, found 3 plugins.
Preloading 0 native plugins for Editor in 0.00 ms.
Unloading 0 Unused Serialized files (Serialized files now loaded: 0)
Unloading 3729 unused Assets / (131.0 KB). Loaded Objects now: 4262.
Memory consumption went from 99.1 MB to 99.0 MB.
Total: 251.293400 ms (FindLiveObjects: 1.112900 ms CreateObjectMapping: 2.274400 ms MarkObjects: 245.992600 ms  DeleteObjects: 1.911700 ms)

Prepare: number of updated asset objects reloaded= 0
========================================================================
Received Import Request.
  Time since last request: 9.792818 seconds.
  path: Assets/Scenes/Scrips/Bases/Base/Stats1.cs
  artifactKey: Guid(38336aee7cfb6de49a4ba7de8f28418d) Importer(815301076,1909f56bfc062723c751e8b465ee728b)
Start importing Assets/Scenes/Scrips/Bases/Base/Stats1.cs using Guid(38336aee7cfb6de49a4ba7de8f28418d) Importer(815301076,1909f56bfc062723c751e8b465ee728b) (PreviewImporter) -> (artifact id: '436860c1548932ccfd6ca452595a0451') in 0.0216496 seconds
Number of updated asset objects reloaded before import = 0Number of asset objects unloaded after import = 0

========================================================================
Received Prepare
Refreshing native plugins compatible for Editor in 5.90 ms, found 3 plugins.
Preloading 0 native plugins for Editor in 0.00 ms.
Unloading 0 Unused Serialized files (Serialized files now loaded: 0)
Unloading 3729 unused Assets / (0.7 MB). Loaded Objects now: 4262.
Memory consumption went from 99.1 MB to 98.4 MB.
Total: 24.227800 ms (FindLiveObjects: 1.075000 ms CreateObjectMapping: 1.332000 ms MarkObjects: 17.814700 ms  DeleteObjects: 4.002900 ms)

Prepare: number of updated asset objects reloaded= 0
========================================================================
Received Prepare
Refreshing native plugins compatible for Editor in 413.81 ms, found 3 plugins.
Preloading 0 native plugins for Editor in 0.00 ms.
Unloading 0 Unused Serialized files (Serialized files now loaded: 0)
Unloading 3729 unused Assets / (0.9 MB). Loaded Objects now: 4262.
Memory consumption went from 99.1 MB to 98.2 MB.
Total: 162.136400 ms (FindLiveObjects: 0.812700 ms CreateObjectMapping: 1.187000 ms MarkObjects: 148.259200 ms  DeleteObjects: 11.875800 ms)

Prepare: number of updated asset objects reloaded= 0
========================================================================
Received Prepare
Refreshing native plugins compatible for Editor in 2.69 ms, found 3 plugins.
Preloading 0 native plugins for Editor in 0.00 ms.
Unloading 0 Unused Serialized files (Serialized files now loaded: 0)
Unloading 3729 unused Assets / (1.1 MB). Loaded Objects now: 4262.
Memory consumption went from 99.1 MB to 98.0 MB.
Total: 16.094800 ms (FindLiveObjects: 0.855100 ms CreateObjectMapping: 0.903000 ms MarkObjects: 12.099200 ms  DeleteObjects: 2.235900 ms)

Prepare: number of updated asset objects reloaded= 0
========================================================================
Received Prepare
Refreshing native plugins compatible for Editor in 2.89 ms, found 3 plugins.
Preloading 0 native plugins for Editor in 0.00 ms.
Unloading 0 Unused Serialized files (Serialized files now loaded: 0)
Unloading 3729 unused Assets / (1.6 MB). Loaded Objects now: 4262.
Memory consumption went from 99.1 MB to 97.5 MB.
Total: 14.778100 ms (FindLiveObjects: 0.617300 ms CreateObjectMapping: 0.607100 ms MarkObjects: 10.301100 ms  DeleteObjects: 3.251000 ms)

Prepare: number of updated asset objects reloaded= 0
========================================================================
Received Prepare
Refreshing native plugins compatible for Editor in 2.43 ms, found 3 plugins.
Preloading 0 native plugins for Editor in 0.00 ms.
Unloading 0 Unused Serialized files (Serialized files now loaded: 0)
Unloading 3729 unused Assets / (0.9 MB). Loaded Objects now: 4262.
Memory consumption went from 99.1 MB to 98.2 MB.
Total: 12.821000 ms (FindLiveObjects: 0.605300 ms CreateObjectMapping: 0.825100 ms MarkObjects: 9.165300 ms  DeleteObjects: 2.223500 ms)

Prepare: number of updated asset objects reloaded= 0
========================================================================
Received Prepare
Refreshing native plugins compatible for Editor in 4.27 ms, found 3 plugins.
Preloading 0 native plugins for Editor in 0.00 ms.
Unloading 0 Unused Serialized files (Serialized files now loaded: 0)
Unloading 3729 unused Assets / (1.0 MB). Loaded Objects now: 4262.
Memory consumption went from 99.1 MB to 98.1 MB.
Total: 16.902700 ms (FindLiveObjects: 0.659200 ms CreateObjectMapping: 0.768100 ms MarkObjects: 11.839400 ms  DeleteObjects: 3.634600 ms)

Prepare: number of updated asset objects reloaded= 0
========================================================================
Received Prepare
Refreshing native plugins compatible for Editor in 2.96 ms, found 3 plugins.
Preloading 0 native plugins for Editor in 0.00 ms.
Unloading 0 Unused Serialized files (Serialized files now loaded: 0)
Unloading 3729 unused Assets / (131.0 KB). Loaded Objects now: 4262.
Memory consumption went from 99.1 MB to 99.0 MB.
Total: 14.411200 ms (FindLiveObjects: 1.604100 ms CreateObjectMapping: 0.796600 ms MarkObjects: 10.114900 ms  DeleteObjects: 1.892700 ms)

Prepare: number of updated asset objects reloaded= 0
========================================================================
Received Prepare
Refreshing native plugins compatible for Editor in 3.23 ms, found 3 plugins.
Preloading 0 native plugins for Editor in 0.00 ms.
Unloading 0 Unused Serialized files (Serialized files now loaded: 0)
Unloading 3729 unused Assets / (1.0 MB). Loaded Objects now: 4262.
Memory consumption went from 99.1 MB to 98.1 MB.
Total: 11.874200 ms (FindLiveObjects: 0.814600 ms CreateObjectMapping: 0.788500 ms MarkObjects: 8.148200 ms  DeleteObjects: 2.121400 ms)

Prepare: number of updated asset objects reloaded= 0
========================================================================
Received Prepare
Refreshing native plugins compatible for Editor in 3.58 ms, found 3 plugins.
Preloading 0 native plugins for Editor in 0.00 ms.
Unloading 0 Unused Serialized files (Serialized files now loaded: 0)
Unloading 3729 unused Assets / (131.0 KB). Loaded Objects now: 4262.
Memory consumption went from 99.1 MB to 99.0 MB.
Total: 14.835800 ms (FindLiveObjects: 0.724100 ms CreateObjectMapping: 0.929900 ms MarkObjects: 11.083100 ms  DeleteObjects: 2.097500 ms)

Prepare: number of updated asset objects reloaded= 0
========================================================================
Received Prepare
Refreshing native plugins compatible for Editor in 3.12 ms, found 3 plugins.
Preloading 0 native plugins for Editor in 0.00 ms.
Unloading 0 Unused Serialized files (Serialized files now loaded: 0)
Unloading 3729 unused Assets / (1.2 MB). Loaded Objects now: 4262.
Memory consumption went from 99.1 MB to 97.9 MB.
Total: 16.776600 ms (FindLiveObjects: 0.937000 ms CreateObjectMapping: 0.776300 ms MarkObjects: 12.271500 ms  DeleteObjects: 2.788100 ms)

Prepare: number of updated asset objects reloaded= 0
========================================================================
Received Prepare
Refreshing native plugins compatible for Editor in 2.88 ms, found 3 plugins.
Preloading 0 native plugins for Editor in 0.00 ms.
Unloading 0 Unused Serialized files (Serialized files now loaded: 0)
Unloading 3729 unused Assets / (0.6 MB). Loaded Objects now: 4262.
Memory consumption went from 99.1 MB to 98.5 MB.
Total: 15.032800 ms (FindLiveObjects: 0.668300 ms CreateObjectMapping: 0.730700 ms MarkObjects: 11.317400 ms  DeleteObjects: 2.314600 ms)

Prepare: number of updated asset objects reloaded= 0
========================================================================
Received Prepare
Refreshing native plugins compatible for Editor in 2.64 ms, found 3 plugins.
Preloading 0 native plugins for Editor in 0.00 ms.
Unloading 0 Unused Serialized files (Serialized files now loaded: 0)
Unloading 3729 unused Assets / (0.6 MB). Loaded Objects now: 4262.
Memory consumption went from 99.1 MB to 98.5 MB.
Total: 16.055500 ms (FindLiveObjects: 0.736600 ms CreateObjectMapping: 0.697400 ms MarkObjects: 12.080300 ms  DeleteObjects: 2.539800 ms)

Prepare: number of updated asset objects reloaded= 0
========================================================================
Received Prepare
Refreshing native plugins compatible for Editor in 3.37 ms, found 3 plugins.
Preloading 0 native plugins for Editor in 0.00 ms.
Unloading 0 Unused Serialized files (Serialized files now loaded: 0)
Unloading 3729 unused Assets / (1.1 MB). Loaded Objects now: 4262.
Memory consumption went from 99.1 MB to 98.0 MB.
Total: 14.269500 ms (FindLiveObjects: 0.624700 ms CreateObjectMapping: 1.686500 ms MarkObjects: 9.331800 ms  DeleteObjects: 2.624200 ms)

Prepare: number of updated asset objects reloaded= 0
========================================================================
Received Prepare
Refreshing native plugins compatible for Editor in 2.51 ms, found 3 plugins.
Preloading 0 native plugins for Editor in 0.00 ms.
Unloading 0 Unused Serialized files (Serialized files now loaded: 0)
Unloading 3729 unused Assets / (1.1 MB). Loaded Objects now: 4262.
Memory consumption went from 99.1 MB to 98.1 MB.
Total: 11.383000 ms (FindLiveObjects: 0.655200 ms CreateObjectMapping: 0.721100 ms MarkObjects: 8.050300 ms  DeleteObjects: 1.954900 ms)

Prepare: number of updated asset objects reloaded= 0
========================================================================
Received Prepare
Refreshing native plugins compatible for Editor in 3.78 ms, found 3 plugins.
Preloading 0 native plugins for Editor in 0.00 ms.
Unloading 0 Unused Serialized files (Serialized files now loaded: 0)
Unloading 3729 unused Assets / (1.2 MB). Loaded Objects now: 4262.
Memory consumption went from 99.1 MB to 97.9 MB.
Total: 14.785600 ms (FindLiveObjects: 0.688400 ms CreateObjectMapping: 0.830800 ms MarkObjects: 10.724000 ms  DeleteObjects: 2.540600 ms)

Prepare: number of updated asset objects reloaded= 0
========================================================================
Received Prepare
Begin MonoManager ReloadAssembly
- Loaded All Assemblies, in 11.263 seconds
Refreshing native plugins compatible for Editor in 1.75 ms, found 3 plugins.
Native extension for WindowsStandalone target not found
Mono: successfully reloaded assembly
- Finished resetting the current domain, in  2.107 seconds
Domain Reload Profiling: 13354ms
	BeginReloadAssembly (1700ms)
		ExecutionOrderSort (0ms)
		DisableScriptedObjects (58ms)
		BackupInstance (0ms)
		ReleaseScriptingObjects (1ms)
		CreateAndSetChildDomain (525ms)
	RebuildCommonClasses (139ms)
	RebuildNativeTypeToScriptingClass (47ms)
	initialDomainReloadingComplete (114ms)
	LoadAllAssembliesAndSetupDomain (9244ms)
		LoadAssemblies (9391ms)
		RebuildTransferFunctionScriptingTraits (0ms)
		AnalyzeDomain (446ms)
			TypeCache.Refresh (22ms)
				TypeCache.ScanAssembly (1ms)
			BuildScriptInfoCaches (404ms)
			ResolveRequiredComponents (9ms)
	FinalizeReload (2109ms)
		ReleaseScriptCaches (0ms)
		RebuildScriptCaches (0ms)
		SetupLoadedEditorAssemblies (1668ms)
			LogAssemblyErrors (0ms)
			InitializePlatformSupportModulesInManaged (4ms)
			SetLoadedEditorAssemblies (20ms)
			BeforeProcessingInitializeOnLoad (526ms)
			ProcessInitializeOnLoadAttributes (1037ms)
			ProcessInitializeOnLoadMethodAttributes (64ms)
			AfterProcessingInitializeOnLoad (17ms)
			EditorAssembliesLoaded (0ms)
		ExecutionOrderSort2 (0ms)
		AwakeInstancesAfterBackupRestoration (14ms)
Refreshing native plugins compatible for Editor in 3.54 ms, found 3 plugins.
Preloading 0 native plugins for Editor in 0.00 ms.
Unloading 1 Unused Serialized files (Serialized files now loaded: 0)
Unloading 3736 unused Assets / (1.2 MB). Loaded Objects now: 4262.
Memory consumption went from 100.5 MB to 99.3 MB.
Total: 15.864000 ms (FindLiveObjects: 0.650300 ms CreateObjectMapping: 0.681900 ms MarkObjects: 11.418900 ms  DeleteObjects: 3.080900 ms)

Prepare: number of updated asset objects reloaded= 0
========================================================================
Received Import Request.
  Time since last request: 2621.074216 seconds.
  path: Assets/Scenes/Prefabs/Cylinder.prefab
  artifactKey: Guid(050a9be51ba926f46894dc585f8a6b55) Importer(815301076,1909f56bfc062723c751e8b465ee728b)
Start importing Assets/Scenes/Prefabs/Cylinder.prefab using Guid(050a9be51ba926f46894dc585f8a6b55) Importer(815301076,1909f56bfc062723c751e8b465ee728b) (PreviewImporter) -> (artifact id: '18735249733138e8afcd8b57eed2db55') in 1.0562204 seconds
Number of updated asset objects reloaded before import = 0Number of asset objects unloaded after import = 16

========================================================================
Received Import Request.
  Time since last request: 0.000048 seconds.
  path: Assets/Scenes/Prefabs/Target.prefab
  artifactKey: Guid(da67631c39b65d1449b7b6755dbab419) Importer(815301076,1909f56bfc062723c751e8b465ee728b)
Start importing Assets/Scenes/Prefabs/Target.prefab using Guid(da67631c39b65d1449b7b6755dbab419) Importer(815301076,1909f56bfc062723c751e8b465ee728b) (PreviewImporter) -> (artifact id: 'b4c21ef3b482691328d76993c0068889') in 0.1358885 seconds
Number of updated asset objects reloaded before import = 0Number of asset objects unloaded after import = 9

========================================================================
Received Import Request.
  Time since last request: 0.000502 seconds.
  path: Assets/Scenes/Prefabs/Sphere.prefab
  artifactKey: Guid(e3dba6f535a32dd40beff47beb93c0cb) Importer(815301076,1909f56bfc062723c751e8b465ee728b)
Start importing Assets/Scenes/Prefabs/Sphere.prefab using Guid(e3dba6f535a32dd40beff47beb93c0cb) Importer(815301076,1909f56bfc062723c751e8b465ee728b) (PreviewImporter) -> (artifact id: 'bf80bdb71ce4d46345bbddd16e0b4f5d') in 0.0981444 seconds
Number of updated asset objects reloaded before import = 0Number of asset objects unloaded after import = 17

========================================================================
Received Import Request.
  Time since last request: 0.000653 seconds.
  path: Assets/Scenes/Prefabs/ParticleSystem.prefab
  artifactKey: Guid(38c82166797a6424dbc7ec37fa275200) Importer(815301076,1909f56bfc062723c751e8b465ee728b)
Start importing Assets/Scenes/Prefabs/ParticleSystem.prefab using Guid(38c82166797a6424dbc7ec37fa275200) Importer(815301076,1909f56bfc062723c751e8b465ee728b) (PreviewImporter) -> (artifact id: '9f008ab1b1dc12f976d7377b7cc8b967') in 0.0514228 seconds
Number of updated asset objects reloaded before import = 0Number of asset objects unloaded after import = 8

========================================================================
Received Prepare
Begin MonoManager ReloadAssembly
- Loaded All Assemblies, in  2.843 seconds
Refreshing native plugins compatible for Editor in 3.79 ms, found 3 plugins.
Native extension for WindowsStandalone target not found
Mono: successfully reloaded assembly
- Finished resetting the current domain, in  1.343 seconds
Domain Reload Profiling: 4212ms
	BeginReloadAssembly (493ms)
		ExecutionOrderSort (0ms)
		DisableScriptedObjects (13ms)
		BackupInstance (0ms)
		ReleaseScriptingObjects (0ms)
		CreateAndSetChildDomain (108ms)
	RebuildCommonClasses (109ms)
	RebuildNativeTypeToScriptingClass (37ms)
	initialDomainReloadingComplete (85ms)
	LoadAllAssembliesAndSetupDomain (2144ms)
		LoadAssemblies (1814ms)
		RebuildTransferFunctionScriptingTraits (0ms)
		AnalyzeDomain (584ms)
			TypeCache.Refresh (14ms)
				TypeCache.ScanAssembly (0ms)
			BuildScriptInfoCaches (468ms)
			ResolveRequiredComponents (88ms)
	FinalizeReload (1345ms)
		ReleaseScriptCaches (0ms)
		RebuildScriptCaches (0ms)
		SetupLoadedEditorAssemblies (1074ms)
			LogAssemblyErrors (0ms)
			InitializePlatformSupportModulesInManaged (4ms)
			SetLoadedEditorAssemblies (8ms)
			BeforeProcessingInitializeOnLoad (234ms)
			ProcessInitializeOnLoadAttributes (749ms)
			ProcessInitializeOnLoadMethodAttributes (61ms)
			AfterProcessingInitializeOnLoad (17ms)
			EditorAssembliesLoaded (0ms)
		ExecutionOrderSort2 (0ms)
		AwakeInstancesAfterBackupRestoration (13ms)
Refreshing native plugins compatible for Editor in 4.26 ms, found 3 plugins.
Preloading 0 native plugins for Editor in 0.00 ms.
Unloading 0 Unused Serialized files (Serialized files now loaded: 0)
Unloading 3736 unused Assets / (1.1 MB). Loaded Objects now: 4269.
Memory consumption went from 100.6 MB to 99.5 MB.
Total: 12.289900 ms (FindLiveObjects: 0.629800 ms CreateObjectMapping: 0.791300 ms MarkObjects: 7.889800 ms  DeleteObjects: 2.977500 ms)

Prepare: number of updated asset objects reloaded= 0
Editor requested this worker to shutdown with reason: Scaling down because of idle timeout
AssetImportWorker is now disconnected from the server
Process exiting
Exiting without the bug reporter. Application will terminate with return code 0